#
# There is insufficient memory for the Java Runtime Environment to continue.
# Native memory allocation (malloc) failed to allocate 78576 bytes. Error detail: Chunk::new
# Possible reasons:
#   The system is out of physical RAM or swap space
#   This process is running with CompressedOops enabled, and the Java Heap may be blocking the growth of the native heap
# Possible solutions:
#   Reduce memory load on the system
#   Increase physical memory or swap space
#   Check if swap backing store is full
#   Decrease Java heap size (-Xmx/-Xms)
#   Decrease number of Java threads
#   Decrease Java thread stack sizes (-Xss)
#   Set larger code cache with -XX:ReservedCodeCacheSize=
#   JVM is running with Unscaled Compressed Oops mode in which the Java heap is
#     placed in the first 4GB address space. The Java Heap base address is the
#     maximum limit for the native heap growth. Please use -XX:HeapBaseMinAddress
#     to set the Java Heap base and to place the Java Heap above 4GB virtual address.
# This output file may be truncated or incomplete.
#
#  Out of Memory Error (arena.cpp:191), pid=10080, tid=18500
#
# JRE version: OpenJDK Runtime Environment Temurin-17.0.13+11 (17.0.13+11) (build 17.0.13+11)
# Java VM: OpenJDK 64-Bit Server VM Temurin-17.0.13+11 (17.0.13+11, mixed mode, tiered, compressed oops, compressed class ptrs, parallel gc, windows-amd64)
# No core dump will be written. Minidumps are not enabled by default on client versions of Windows
#

---------------  S U M M A R Y ------------

Command Line: --add-modules=ALL-SYSTEM --add-opens=java.base/java.util=ALL-UNNAMED --add-opens=java.base/java.lang=ALL-UNNAMED --add-opens=java.base/sun.nio.fs=ALL-UNNAMED -Declipse.application=org.eclipse.jdt.ls.core.id1 -Dosgi.bundles.defaultStartLevel=4 -Declipse.product=org.eclipse.jdt.ls.core.product -Djava.import.generatesMetadataFilesAtProjectRoot=false -DDetectVMInstallationsJob.disabled=true -Dfile.encoding=utf8 -XX:+UseParallelGC -XX:GCTimeRatio=4 -XX:AdaptiveSizePolicyWeight=90 -Dsun.zip.disableMemoryMapping=true -Xmx1G -Xms100m -Xlog:disable -javaagent:c:\Users\Sorrow\.vscode\extensions\redhat.java-1.36.0-win32-x64\lombok\lombok-1.18.35.jar -XX:+HeapDumpOnOutOfMemoryError -XX:HeapDumpPath=c:\Users\Sorrow\AppData\Roaming\Code\User\workspaceStorage\61ca5fcf6cb9ce69958bb57a723cc37d\redhat.java -Daether.dependencyCollector.impl=bf c:\Users\Sorrow\.vscode\extensions\redhat.java-1.36.0-win32-x64\server\plugins\org.eclipse.equinox.launcher_1.6.900.v20240613-2009.jar -configuration c:\Users\Sorrow\AppData\Roaming\Code\User\globalStorage\redhat.java\1.36.0\config_win -data c:\Users\Sorrow\AppData\Roaming\Code\User\workspaceStorage\61ca5fcf6cb9ce69958bb57a723cc37d\redhat.java\jdt_ws --pipe=\\.\pipe\lsp-af6dfa942d36d0d53f3ed123143a4e76-sock

Host: AMD FX-8320E Eight-Core Processor              , 8 cores, 15G,  Windows 10 , 64 bit Build 19041 (10.0.19041.5072)
Time: Sun Nov  3 11:54:30 2024 Hora oficial do Brasil elapsed time: 0.316508 seconds (0d 0h 0m 0s)

---------------  T H R E A D  ---------------

Current thread (0x0000021ccfe7e940):  JavaThread "main" [_thread_in_vm, id=18500, stack(0x0000008f7f200000,0x0000008f7f300000)]

Stack: [0x0000008f7f200000,0x0000008f7f300000]
Native frames: (J=compiled Java code, j=interpreted, Vv=VM code, C=native code)
V  [jvm.dll+0x682a19]
V  [jvm.dll+0x839538]
V  [jvm.dll+0x83afe3]
V  [jvm.dll+0x83b653]
V  [jvm.dll+0x24704f]
V  [jvm.dll+0xace34]
V  [jvm.dll+0xad4cc]
V  [jvm.dll+0x1f113c]
V  [jvm.dll+0x1efca6]
V  [jvm.dll+0x7b243b]
V  [jvm.dll+0x7b3859]
V  [jvm.dll+0x7b3bb8]
V  [jvm.dll+0x23eb4b]
V  [jvm.dll+0x3814de]
C  0x0000021cda06afa5

The last pc belongs to new (printed below).
Java frames: (J=compiled Java code, j=interpreted, Vv=VM code)
j  jdk.internal.module.SystemModulesMap.allSystemModules()Ljdk/internal/module/SystemModules;+0 java.base
j  jdk.internal.module.SystemModuleFinders.allSystemModules()Ljdk/internal/module/SystemModules;+6 java.base
j  jdk.internal.module.ModuleBootstrap.boot2()Ljava/lang/ModuleLayer;+228 java.base
j  jdk.internal.module.ModuleBootstrap.boot()Ljava/lang/ModuleLayer;+64 java.base
j  java.lang.System.initPhase2(ZZ)I+0 java.base
v  ~StubRoutines::call_stub
new  187 new  [0x0000021cda06ae20, 0x0000021cda06b040]  544 bytes
[MachCode]
  0x0000021cda06ae20: 4883 ec08 | c5fa 1104 | 24eb 1f48 | 83ec 10c5 | fb11 0424 | eb14 4883 | ec10 4889 | 0424 48c7 
  0x0000021cda06ae40: 4424 0800 | 0000 00eb | 0150 410f | b755 010f | cac1 ea10 | 488b 4de8 | 488b 4908 | 488b 4908 
  0x0000021cda06ae60: 488b 4108 | 807c 1004 | 070f 85d6 | 0000 0066 | 8b54 d148 | 488b 4928 | 488b 4cd1 | 0851 80b9 
  0x0000021cda06ae80: 3301 0000 | 040f 85b9 | 0000 008b | 5108 f7c2 | 0100 0000 | 0f85 aa00 | 0000 498b | 8708 0100 
  0x0000021cda06aea0: 0048 8d1c | 1049 3b9f | 1801 0000 | 0f87 9200 | 0000 4989 | 9f08 0100 | 00e9 0000 | 0000 4883 
  0x0000021cda06aec0: ea10 0f84 | 0f00 0000 | 33c9 c1ea | 0348 894c | d008 48ff | ca75 f648 | c700 0100 | 0000 5933 
  0x0000021cda06aee0: f689 700c | 48c1 e903 | 8948 0849 | ba7f c61a | 46f9 7f00 | 0041 803a | 000f 8440 | 0000 0050 
  0x0000021cda06af00: 488b c848 | 83ec 20f7 | c40f 0000 | 000f 841a | 0000 0048 | 83ec 0849 | ba80 86d0 | 45f9 7f00 
  0x0000021cda06af20: 0041 ffd2 | 4883 c408 | e90d 0000 | 0049 ba80 | 86d0 45f9 | 7f00 0041 | ffd2 4883 | c420 58e9 
  0x0000021cda06af40: cd00 0000 | 5948 8b55 | e848 8b52 | 0848 8b52 | 0845 0fb7 | 4501 410f | c841 c1e8 | 10e8 0500 
  0x0000021cda06af60: 0000 e9aa | 0000 0048 | 8d44 2408 | 4c89 6dc0 | 498b cfc5 | f877 4989 | afa8 0200 | 0049 8987 
  0x0000021cda06af80: 9802 0000 | 4883 ec20 | f7c4 0f00 | 0000 0f84 | 1a00 0000 | 4883 ec08 | 49ba 9014 | 9a45 f97f 
  0x0000021cda06afa0: 0000 41ff | d248 83c4 | 08e9 0d00 | 0000 49ba | 9014 9a45 | f97f 0000 | 41ff d248 | 83c4 2049 
  0x0000021cda06afc0: c787 9802 | 0000 0000 | 0000 49c7 | 87a8 0200 | 0000 0000 | 0049 c787 | a002 0000 | 0000 0000 
  0x0000021cda06afe0: c5f8 7749 | 817f 0800 | 0000 000f | 8405 0000 | 00e9 0a5f | feff 498b | 87f0 0200 | 0049 c787 
  0x0000021cda06b000: f002 0000 | 0000 0000 | 4c8b 6dc0 | 4c8b 75c8 | c341 0fb6 | 5d03 4983 | c503 49ba | 0037 1d46 
  0x0000021cda06b020: f97f 0000 | 41ff 24da | 0000 0000 | 0000 0000 | 0000 0000 | 0000 0000 | 0000 0000 | 0000 0000 
[/MachCode]

---------------  P R O C E S S  ---------------

Threads class SMR info:
_java_thread_list=0x0000021ce904ea20, length=10, elements={
0x0000021ccfe7e940, 0x0000021ccff3ea00, 0x0000021ce3d14220, 0x0000021ce9056370,
0x0000021ce9067680, 0x0000021ce9068500, 0x0000021ce9069ed0, 0x0000021ce90704e0,
0x0000021ce90ce1a0, 0x0000021ce90e91b0
}

Java Threads: ( => current thread )
=>0x0000021ccfe7e940 JavaThread "main" [_thread_in_vm, id=18500, stack(0x0000008f7f200000,0x0000008f7f300000)]
  0x0000021ccff3ea00 JavaThread "Reference Handler" daemon [_thread_blocked, id=15076, stack(0x0000008f7f500000,0x0000008f7f600000)]
  0x0000021ce3d14220 JavaThread "Finalizer" daemon [_thread_blocked, id=13016, stack(0x0000008f7f600000,0x0000008f7f700000)]
  0x0000021ce9056370 JavaThread "Signal Dispatcher" daemon [_thread_blocked, id=11848, stack(0x0000008f7f700000,0x0000008f7f800000)]
  0x0000021ce9067680 JavaThread "Attach Listener" daemon [_thread_blocked, id=15720, stack(0x0000008f7f800000,0x0000008f7f900000)]
  0x0000021ce9068500 JavaThread "Service Thread" daemon [_thread_blocked, id=15080, stack(0x0000008f7f900000,0x0000008f7fa00000)]
  0x0000021ce9069ed0 JavaThread "Monitor Deflation Thread" daemon [_thread_blocked, id=6668, stack(0x0000008f7fa00000,0x0000008f7fb00000)]
  0x0000021ce90704e0 JavaThread "C2 CompilerThread0" daemon [_thread_blocked, id=10908, stack(0x0000008f7fb00000,0x0000008f7fc00000)]
  0x0000021ce90ce1a0 JavaThread "C1 CompilerThread0" daemon [_thread_blocked, id=12460, stack(0x0000008f7fc00000,0x0000008f7fd00000)]
  0x0000021ce90e91b0 JavaThread "Sweeper thread" daemon [_thread_blocked, id=16656, stack(0x0000008f7fd00000,0x0000008f7fe00000)]

Other Threads:
  0x0000021ce9030c20 VMThread "VM Thread" [stack: 0x0000008f7f400000,0x0000008f7f500000] [id=16532]
  0x0000021ccfe96fd0 GCTaskThread "GC Thread#0" [stack: 0x0000008f7f300000,0x0000008f7f400000] [id=19256]

Threads with active compile tasks:

VM state: not at safepoint (normal execution)

VM Mutex/Monitor currently owned by a thread: None

Heap address: 0x00000000c0000000, size: 1024 MB, Compressed Oops mode: 32-bit

CDS archive(s) not mapped
Compressed class space mapped at: 0x0000000100000000-0x0000000140000000, reserved size: 1073741824
Narrow klass base: 0x0000000000000000, Narrow klass shift: 3, Narrow klass range: 0x140000000

GC Precious Log:
 CPUs: 8 total, 8 available
 Memory: 16381M
 Large Page Support: Disabled
 NUMA Support: Disabled
 Compressed Oops: Enabled (32-bit)
 Alignments: Space 512K, Generation 512K, Heap 2M
 Heap Min Capacity: 100M
 Heap Initial Capacity: 100M
 Heap Max Capacity: 1G
 Pre-touch: Disabled
 Parallel Workers: 8

Heap:
 PSYoungGen      total 29696K, used 1024K [0x00000000eab00000, 0x00000000ecc00000, 0x0000000100000000)
  eden space 25600K, 4% used [0x00000000eab00000,0x00000000eac00138,0x00000000ec400000)
  from space 4096K, 0% used [0x00000000ec800000,0x00000000ec800000,0x00000000ecc00000)
  to   space 4096K, 0% used [0x00000000ec400000,0x00000000ec400000,0x00000000ec800000)
 ParOldGen       total 68608K, used 0K [0x00000000c0000000, 0x00000000c4300000, 0x00000000eab00000)
  object space 68608K, 0% used [0x00000000c0000000,0x00000000c0000000,0x00000000c4300000)
 Metaspace       used 2451K, committed 2560K, reserved 1114112K
  class space    used 207K, committed 256K, reserved 1048576K

Card table byte_map: [0x0000021ccf850000,0x0000021ccfa60000] _byte_map_base: 0x0000021ccf250000

Marking Bits: (ParMarkBitMap*) 0x00007ff9461c6940
 Begin Bits: [0x0000021ce1b20000, 0x0000021ce2b20000)
 End Bits:   [0x0000021ce2b20000, 0x0000021ce3b20000)

Polling page: 0x0000021ccf640000

Metaspace:

Usage:
  Non-class:      2.19 MB used.
      Class:    207.59 KB used.
       Both:      2.39 MB used.

Virtual space:
  Non-class space:       64.00 MB reserved,       2.25 MB (  4%) committed,  1 nodes.
      Class space:        1.00 GB reserved,     256.00 KB ( <1%) committed,  1 nodes.
             Both:        1.06 GB reserved,       2.50 MB ( <1%) committed. 

Chunk freelists:
   Non-Class:  12.00 MB
       Class:  15.75 MB
        Both:  27.75 MB

MaxMetaspaceSize: unlimited
CompressedClassSpaceSize: 1.00 GB
Initial GC threshold: 21.00 MB
Current GC threshold: 21.00 MB
CDS: off
MetaspaceReclaimPolicy: balanced
 - commit_granule_bytes: 65536.
 - commit_granule_words: 8192.
 - virtual_space_node_default_size: 8388608.
 - enlarge_chunks_in_place: 1.
 - new_chunks_are_fully_committed: 0.
 - uncommit_free_chunks: 1.
 - use_allocation_guard: 0.
 - handle_deallocations: 1.


Internal statistics:

num_allocs_failed_limit: 0.
num_arena_births: 2.
num_arena_deaths: 0.
num_vsnodes_births: 2.
num_vsnodes_deaths: 0.
num_space_committed: 40.
num_space_uncommitted: 0.
num_chunks_returned_to_freelist: 0.
num_chunks_taken_from_freelist: 3.
num_chunk_merges: 0.
num_chunk_splits: 2.
num_chunks_enlarged: 0.
num_inconsistent_stats: 0.

CodeHeap 'non-profiled nmethods': size=120000Kb used=0Kb max_used=0Kb free=120000Kb
 bounds [0x0000021cda5f0000, 0x0000021cda860000, 0x0000021ce1b20000]
CodeHeap 'profiled nmethods': size=120000Kb used=3Kb max_used=3Kb free=119996Kb
 bounds [0x0000021cd2b20000, 0x0000021cd2d90000, 0x0000021cda050000]
CodeHeap 'non-nmethods': size=5760Kb used=1012Kb max_used=1020Kb free=4747Kb
 bounds [0x0000021cda050000, 0x0000021cda2c0000, 0x0000021cda5f0000]
 total_blobs=268 nmethods=3 adapters=182
 compilation: enabled
              stopped_count=0, restarted_count=0
 full_count=0

Compilation events (6 events):
Event: 0.303 Thread 0x0000021ce90ce1a0    1       3       java.lang.String::isLatin1 (19 bytes)
Event: 0.303 Thread 0x0000021ce90ce1a0 nmethod 1 0x0000021cd2b20010 code [0x0000021cd2b201a0, 0x0000021cd2b20318]
Event: 0.303 Thread 0x0000021ce90ce1a0    2       3       java.lang.StringLatin1::hashCode (42 bytes)
Event: 0.304 Thread 0x0000021ce90ce1a0 nmethod 2 0x0000021cd2b20390 code [0x0000021cd2b20520, 0x0000021cd2b206d8]
Event: 0.307 Thread 0x0000021ce90ce1a0    3       3       java.lang.String::hashCode (60 bytes)
Event: 0.308 Thread 0x0000021ce90ce1a0 nmethod 3 0x0000021cd2b20810 code [0x0000021cd2b209e0, 0x0000021cd2b20d18]

GC Heap History (0 events):
No events

Dll operation events (1 events):
Event: 0.039 Loaded shared library c:\Users\Sorrow\.vscode\extensions\redhat.java-1.36.0-win32-x64\jre\17.0.13-win32-x86_64\bin\java.dll

Deoptimization events (0 events):
No events

Classes loaded (20 events):
Event: 0.309 Loading class jdk/internal/module/ModulePatcher done
Event: 0.309 Loading class jdk/internal/module/ModuleBootstrap$Counters
Event: 0.309 Loading class jdk/internal/module/ModuleBootstrap$Counters done
Event: 0.309 Loading class jdk/internal/module/ArchivedBootLayer
Event: 0.309 Loading class jdk/internal/module/ArchivedBootLayer done
Event: 0.309 Loading class java/util/HashSet
Event: 0.309 Loading class java/util/HashSet done
Event: 0.309 Loading class jdk/internal/module/ArchivedModuleGraph
Event: 0.309 Loading class jdk/internal/module/ArchivedModuleGraph done
Event: 0.310 Loading class jdk/internal/module/SystemModuleFinders
Event: 0.310 Loading class jdk/internal/module/SystemModuleFinders done
Event: 0.310 Loading class java/net/URI
Event: 0.310 Loading class java/net/URI done
Event: 0.311 Loading class java/net/URI$1
Event: 0.311 Loading class jdk/internal/access/JavaNetUriAccess
Event: 0.311 Loading class jdk/internal/access/JavaNetUriAccess done
Event: 0.311 Loading class java/net/URI$1 done
Event: 0.311 Loading class jdk/internal/module/SystemModulesMap
Event: 0.311 Loading class jdk/internal/module/SystemModulesMap done
Event: 0.311 Loading class jdk/internal/module/SystemModules$all

Classes unloaded (0 events):
No events

Classes redefined (0 events):
No events

Internal exceptions (0 events):
No events

VM Operations (0 events):
No events

Memory protections (0 events):
No events

Nmethod flushes (0 events):
No events

Events (10 events):
Event: 0.181 Thread 0x0000021ccfe7e940 Thread added: 0x0000021ccfe7e940
Event: 0.221 Thread 0x0000021ccfe7e940 Thread added: 0x0000021ccff3ea00
Event: 0.222 Thread 0x0000021ccfe7e940 Thread added: 0x0000021ce3d14220
Event: 0.295 Thread 0x0000021ccfe7e940 Thread added: 0x0000021ce9056370
Event: 0.295 Thread 0x0000021ccfe7e940 Thread added: 0x0000021ce9067680
Event: 0.295 Thread 0x0000021ccfe7e940 Thread added: 0x0000021ce9068500
Event: 0.296 Thread 0x0000021ccfe7e940 Thread added: 0x0000021ce9069ed0
Event: 0.296 Thread 0x0000021ccfe7e940 Thread added: 0x0000021ce90704e0
Event: 0.301 Thread 0x0000021ccfe7e940 Thread added: 0x0000021ce90ce1a0
Event: 0.302 Thread 0x0000021ccfe7e940 Thread added: 0x0000021ce90e91b0


Dynamic libraries:
0x00007ff6e9bb0000 - 0x00007ff6e9bbe000 	c:\Users\Sorrow\.vscode\extensions\redhat.java-1.36.0-win32-x64\jre\17.0.13-win32-x86_64\bin\java.exe
0x00007ff993b50000 - 0x00007ff993d48000 	C:\WINDOWS\SYSTEM32\ntdll.dll
0x00007ff9922f0000 - 0x00007ff9923b2000 	C:\WINDOWS\System32\KERNEL32.DLL
0x00007ff9911f0000 - 0x00007ff9914ee000 	C:\WINDOWS\System32\KERNELBASE.dll
0x00007ff991540000 - 0x00007ff991640000 	C:\WINDOWS\System32\ucrtbase.dll
0x00007ff989690000 - 0x00007ff9896a7000 	c:\Users\Sorrow\.vscode\extensions\redhat.java-1.36.0-win32-x64\jre\17.0.13-win32-x86_64\bin\jli.dll
0x00007ff991bd0000 - 0x00007ff991d6d000 	C:\WINDOWS\System32\USER32.dll
0x00007ff9917f0000 - 0x00007ff991812000 	C:\WINDOWS\System32\win32u.dll
0x00007ff9938d0000 - 0x00007ff9938fb000 	C:\WINDOWS\System32\GDI32.dll
0x00007ff9916d0000 - 0x00007ff9917e7000 	C:\WINDOWS\System32\gdi32full.dll
0x00007ff991820000 - 0x00007ff9918bd000 	C:\WINDOWS\System32\msvcp_win.dll
0x00007ff974620000 - 0x00007ff97463e000 	c:\Users\Sorrow\.vscode\extensions\redhat.java-1.36.0-win32-x64\jre\17.0.13-win32-x86_64\bin\VCRUNTIME140.dll
0x00007ff97bce0000 - 0x00007ff97bf7a000 	C:\WINDOWS\WinSxS\amd64_microsoft.windows.common-controls_6595b64144ccf1df_6.0.19041.4355_none_60b8b9eb71f62e16\COMCTL32.dll
0x00007ff992af0000 - 0x00007ff992b8e000 	C:\WINDOWS\System32\msvcrt.dll
0x00007ff992090000 - 0x00007ff9920bf000 	C:\WINDOWS\System32\IMM32.DLL
0x00007ff9898f0000 - 0x00007ff9898fc000 	c:\Users\Sorrow\.vscode\extensions\redhat.java-1.36.0-win32-x64\jre\17.0.13-win32-x86_64\bin\vcruntime140_1.dll
0x00007ff964b90000 - 0x00007ff964c1d000 	c:\Users\Sorrow\.vscode\extensions\redhat.java-1.36.0-win32-x64\jre\17.0.13-win32-x86_64\bin\msvcp140.dll
0x00007ff945620000 - 0x00007ff94628b000 	c:\Users\Sorrow\.vscode\extensions\redhat.java-1.36.0-win32-x64\jre\17.0.13-win32-x86_64\bin\server\jvm.dll
0x00007ff9928a0000 - 0x00007ff992951000 	C:\WINDOWS\System32\ADVAPI32.dll
0x00007ff9921f0000 - 0x00007ff99228f000 	C:\WINDOWS\System32\sechost.dll
0x00007ff9920c0000 - 0x00007ff9921e3000 	C:\WINDOWS\System32\RPCRT4.dll
0x00007ff991b40000 - 0x00007ff991b67000 	C:\WINDOWS\System32\bcrypt.dll
0x00007ff9923e0000 - 0x00007ff99244b000 	C:\WINDOWS\System32\WS2_32.dll
0x00007ff990880000 - 0x00007ff9908cb000 	C:\WINDOWS\SYSTEM32\POWRPROF.dll
0x00007ff987170000 - 0x00007ff987197000 	C:\WINDOWS\SYSTEM32\WINMM.dll
0x00007ff98aa50000 - 0x00007ff98aa5a000 	C:\WINDOWS\SYSTEM32\VERSION.dll
0x00007ff990770000 - 0x00007ff990782000 	C:\WINDOWS\SYSTEM32\UMPDC.dll
0x00007ff98f090000 - 0x00007ff98f0a2000 	C:\WINDOWS\SYSTEM32\kernel.appcore.dll
0x00007ff9789f0000 - 0x00007ff9789fa000 	c:\Users\Sorrow\.vscode\extensions\redhat.java-1.36.0-win32-x64\jre\17.0.13-win32-x86_64\bin\jimage.dll
0x00007ff983b20000 - 0x00007ff983d04000 	C:\WINDOWS\SYSTEM32\DBGHELP.DLL
0x00007ff978750000 - 0x00007ff978784000 	C:\WINDOWS\SYSTEM32\dbgcore.DLL
0x00007ff991640000 - 0x00007ff9916c2000 	C:\WINDOWS\System32\bcryptPrimitives.dll
0x00007ff978940000 - 0x00007ff97894e000 	c:\Users\Sorrow\.vscode\extensions\redhat.java-1.36.0-win32-x64\jre\17.0.13-win32-x86_64\bin\instrument.dll
0x00007ff974210000 - 0x00007ff974235000 	c:\Users\Sorrow\.vscode\extensions\redhat.java-1.36.0-win32-x64\jre\17.0.13-win32-x86_64\bin\java.dll
0x00007ff974550000 - 0x00007ff974568000 	c:\Users\Sorrow\.vscode\extensions\redhat.java-1.36.0-win32-x64\jre\17.0.13-win32-x86_64\bin\zip.dll
0x00007ff992b90000 - 0x00007ff9932fd000 	C:\WINDOWS\System32\SHELL32.dll
0x00007ff98f290000 - 0x00007ff98fa34000 	C:\WINDOWS\SYSTEM32\windows.storage.dll
0x00007ff992530000 - 0x00007ff992883000 	C:\WINDOWS\System32\combase.dll
0x00007ff990c20000 - 0x00007ff990c4e000 	C:\WINDOWS\SYSTEM32\Wldp.dll
0x00007ff993a40000 - 0x00007ff993b0d000 	C:\WINDOWS\System32\OLEAUT32.dll
0x00007ff993300000 - 0x00007ff9933ad000 	C:\WINDOWS\System32\SHCORE.dll
0x00007ff991b70000 - 0x00007ff991bc5000 	C:\WINDOWS\System32\shlwapi.dll
0x00007ff991120000 - 0x00007ff991144000 	C:\WINDOWS\SYSTEM32\profapi.dll

dbghelp: loaded successfully - version: 4.0.5 - missing functions: none
symbol engine: initialized successfully - sym options: 0x614 - pdb path: .;c:\Users\Sorrow\.vscode\extensions\redhat.java-1.36.0-win32-x64\jre\17.0.13-win32-x86_64\bin;C:\WINDOWS\SYSTEM32;C:\WINDOWS\WinSxS\amd64_microsoft.windows.common-controls_6595b64144ccf1df_6.0.19041.4355_none_60b8b9eb71f62e16;c:\Users\Sorrow\.vscode\extensions\redhat.java-1.36.0-win32-x64\jre\17.0.13-win32-x86_64\bin\server

VM Arguments:
jvm_args: --add-modules=ALL-SYSTEM --add-opens=java.base/java.util=ALL-UNNAMED --add-opens=java.base/java.lang=ALL-UNNAMED --add-opens=java.base/sun.nio.fs=ALL-UNNAMED -Declipse.application=org.eclipse.jdt.ls.core.id1 -Dosgi.bundles.defaultStartLevel=4 -Declipse.product=org.eclipse.jdt.ls.core.product -Djava.import.generatesMetadataFilesAtProjectRoot=false -DDetectVMInstallationsJob.disabled=true -Dfile.encoding=utf8 -XX:+UseParallelGC -XX:GCTimeRatio=4 -XX:AdaptiveSizePolicyWeight=90 -Dsun.zip.disableMemoryMapping=true -Xmx1G -Xms100m -Xlog:disable -javaagent:c:\Users\Sorrow\.vscode\extensions\redhat.java-1.36.0-win32-x64\lombok\lombok-1.18.35.jar -XX:+HeapDumpOnOutOfMemoryError -XX:HeapDumpPath=c:\Users\Sorrow\AppData\Roaming\Code\User\workspaceStorage\61ca5fcf6cb9ce69958bb57a723cc37d\redhat.java -Daether.dependencyCollector.impl=bf 
java_command: c:\Users\Sorrow\.vscode\extensions\redhat.java-1.36.0-win32-x64\server\plugins\org.eclipse.equinox.launcher_1.6.900.v20240613-2009.jar -configuration c:\Users\Sorrow\AppData\Roaming\Code\User\globalStorage\redhat.java\1.36.0\config_win -data c:\Users\Sorrow\AppData\Roaming\Code\User\workspaceStorage\61ca5fcf6cb9ce69958bb57a723cc37d\redhat.java\jdt_ws --pipe=\\.\pipe\lsp-af6dfa942d36d0d53f3ed123143a4e76-sock
java_class_path (initial): c:\Users\Sorrow\.vscode\extensions\redhat.java-1.36.0-win32-x64\server\plugins\org.eclipse.equinox.launcher_1.6.900.v20240613-2009.jar
Launcher Type: SUN_STANDARD

[Global flags]
    uintx AdaptiveSizePolicyWeight                 = 90                                        {product} {command line}
     intx CICompilerCount                          = 4                                         {product} {ergonomic}
    uintx GCTimeRatio                              = 4                                         {product} {command line}
     bool HeapDumpOnOutOfMemoryError               = true                                   {manageable} {command line}
    ccstr HeapDumpPath                             = c:\Users\Sorrow\AppData\Roaming\Code\User\workspaceStorage\61ca5fcf6cb9ce69958bb57a723cc37d\redhat.java         {manageable} {command line}
   size_t InitialHeapSize                          = 104857600                                 {product} {command line}
   size_t MaxHeapSize                              = 1073741824                                {product} {command line}
   size_t MaxNewSize                               = 357564416                                 {product} {ergonomic}
   size_t MinHeapDeltaBytes                        = 524288                                    {product} {ergonomic}
   size_t MinHeapSize                              = 104857600                                 {product} {command line}
   size_t NewSize                                  = 34603008                                  {product} {ergonomic}
    uintx NonNMethodCodeHeapSize                   = 5839372                                {pd product} {ergonomic}
    uintx NonProfiledCodeHeapSize                  = 122909434                              {pd product} {ergonomic}
   size_t OldSize                                  = 70254592                                  {product} {ergonomic}
    uintx ProfiledCodeHeapSize                     = 122909434                              {pd product} {ergonomic}
    uintx ReservedCodeCacheSize                    = 251658240                              {pd product} {ergonomic}
     bool SegmentedCodeCache                       = true                                      {product} {ergonomic}
   size_t SoftMaxHeapSize                          = 1073741824                             {manageable} {ergonomic}
     bool UseCompressedClassPointers               = true                           {product lp64_product} {ergonomic}
     bool UseCompressedOops                        = true                           {product lp64_product} {ergonomic}
     bool UseLargePagesIndividualAllocation        = false                                  {pd product} {ergonomic}
     bool UseParallelGC                            = true                                      {product} {command line}

Logging:
Log output configuration:
 #0: stdout all=off uptime,level,tags
 #1: stderr all=off uptime,level,tags

Environment Variables:
JAVA_HOME=C:\Program Files\Java\jre1.8.0_251
PATH=C:\Program Files (x86)\Common Files\Oracle\Java\javapath;C:\Program Files\Common Files\Oracle\Java\javapath;C:\WINDOWS\system32;C:\WINDOWS;C:\WINDOWS\System32\Wbem;C:\WINDOWS\System32\WindowsPowerShell\v1.0\;C:\Program Files\Git\cmd;%JAVA_HOME%\bin;%JRE_HOME%\bin;C:\WINDOWS\System32\OpenSSH\;C:\msys64\mingw64\bin;;C:\Program Files (x86)\NVIDIA Corporation\DDS Utilities;C:\Program Files (x86)\Common Files\Autodesk Shared\;C:\Program Files\Common Files\Autodesk Shared\;C:\Program Files\nodejs\;C:\xampp\php;C:\composer;C:\Program Files (x86)\NVIDIA Corporation\PhysX\Common;C:\Program Files\TortoiseSVN\bin;C:\Program Files\dotnet\;C:\Users\Sorrow\AppData\Local\Microsoft\WindowsApps;C:\Users\Sorrow\AppData\Local\Programs\Microsoft VS Code\bin;C:\msys64\mingw64\bin;C:\Users\Sorrow\AppData\Roaming\npm;C:\Users\Sorrow\AppData\Roaming\Composer\vendor\bin;C:\Users\Sorrow\AppData\Local\GitHubDesktop\bin
USERNAME=Sorrow
OS=Windows_NT
PROCESSOR_IDENTIFIER=AMD64 Family 21 Model 2 Stepping 0, AuthenticAMD
TMP=C:\Users\Sorrow\AppData\Local\Temp
TEMP=C:\Users\Sorrow\AppData\Local\Temp



Periodic native trim disabled


---------------  S Y S T E M  ---------------

OS:
 Windows 10 , 64 bit Build 19041 (10.0.19041.5072)
OS uptime: 1 days 20:45 hours

CPU: total 8 (initial active 8) (8 cores per cpu, 1 threads per core) family 21 model 2 stepping 0 microcode 0x0, cx8, cmov, fxsr, mmx, 3dnowpref, sse, sse2, sse3, ssse3, sse4a, sse4.1, sse4.2, popcnt, lzcnt, tsc, tscinvbit, avx, aes, clmul, bmi1, fma, vzeroupper, clflush
Processor Information for all 8 processors :
  Max Mhz: 3200, Current Mhz: 3200, Mhz Limit: 3200

Memory: 4k page, system-wide physical 16381M (4063M free)
TotalPageFile size 21317M (AvailPageFile size 14M)
current process WorkingSet (physical memory assigned to process): 23M, peak: 23M
current process commit charge ("private bytes"): 179M, peak: 179M

vm_info: OpenJDK 64-Bit Server VM (17.0.13+11) for windows-amd64 JRE (17.0.13+11), built on Oct 16 2024 00:10:08 by "admin" with MS VC++ 17.7 (VS2022)

END.
